{"level":"info","message":"⌛ Building environment","timeElapsed":136,"timestamp":"2024-09-23T02:18:22.780Z"}
{"level":"info","message":"onRequest - WORKSPACE_URI:file:///c%3A/Users/rgonz/Desktop/todo/pdep-clases-2024","timestamp":"2024-09-23T02:18:22.784Z"}
{"level":"info","message":"⌛ Validating Objetos/Clase05/animales_repaso.wlk","timeElapsed":123,"timestamp":"2024-09-23T02:18:23.460Z"}
{"level":"info","message":"⌛ Building environment","timeElapsed":179,"timestamp":"2024-09-23T02:18:23.640Z"}
{"level":"info","message":"⌛ Building environment","timeElapsed":123,"timestamp":"2024-09-23T02:18:23.876Z"}
{"level":"info","message":"⌛ Building environment","timeElapsed":101,"timestamp":"2024-09-23T02:18:24.167Z"}
{"level":"info","message":"⌛ Validating Objetos/Clase03/src/veterinaria.wlk","timeElapsed":147,"timestamp":"2024-09-23T02:18:24.418Z"}
{"level":"info","message":"⌛ Validating Objetos/Clase03/src/animales.wlk","timeElapsed":138,"timestamp":"2024-09-23T02:18:24.644Z"}
{"level":"info","message":"⌛ Validating Objetos/Clase03/test/testAnimales.wtest","timeElapsed":141,"timestamp":"2024-09-23T02:18:24.788Z"}
{"level":"info","message":"⌛ Validating Objetos/Clase04/veterinaria.wlk","timeElapsed":130,"timestamp":"2024-09-23T02:18:24.919Z"}
{"level":"info","message":"⌛ Validating Objetos/Clase04/animales.wlk","timeElapsed":143,"timestamp":"2024-09-23T02:18:25.064Z"}
{"level":"info","message":"⌛ Validating Objetos/Clase05/animales_repaso.wlk","timeElapsed":136,"timestamp":"2024-09-23T02:18:25.201Z"}
{"level":"info","message":"⌛ Validating Objetos/Clase03/test/testAnimales.wtest","timeElapsed":104,"timestamp":"2024-09-23T02:18:25.501Z"}
{"level":"info","message":"⌛ Validating Objetos/Clase02/que-fiesta/queFiesta.wlk","timeElapsed":112,"timestamp":"2024-09-23T02:18:25.794Z"}
{"level":"info","message":"⌛ Validating Objetos/Clase02/que-fiesta/testExample.wtest","timeElapsed":114,"timestamp":"2024-09-23T02:18:25.908Z"}
{"level":"info","message":"⌛ Validating Objetos/Clase02/pdep-cargas/pdep-cargas/testExample.wtest","timeElapsed":108,"timestamp":"2024-09-23T02:18:26.017Z"}
{"level":"info","message":"⌛ Validating Objetos/Clase02/pdep-cargas/pdep-cargas/puestos.wlk","timeElapsed":110,"timestamp":"2024-09-23T02:18:26.128Z"}
{"level":"info","message":"⌛ Validating Objetos/Clase02/pdep-cargas/pdep-cargas/camiones.wlk","timeElapsed":116,"timestamp":"2024-09-23T02:18:26.243Z"}
{"level":"info","message":"⌛ Validating Objetos/Clase01/que-fiesta/testExample.wtest","timeElapsed":123,"timestamp":"2024-09-23T02:18:26.367Z"}
{"level":"info","message":"⌛ Validating Objetos/Clase01/que-fiesta/queFiesta.wlk","timeElapsed":129,"timestamp":"2024-09-23T02:18:26.496Z"}
